Running experiments with C=800
Configuration:
- Number of experiments: 100
- MCTS simulations: 250
- Parallel units: 32
- MCTS type: explorescore
- C value: 800

Compiling with MCTS_TYPE=explorescore...
rm -f game2048
g++ -Wall -Wextra -std=c++17 -O3 -fopenmp -I. -DUSE_EXPLORE_SCORE main.cpp env2048.cpp pUCT/mcts_pUCT.cpp -o game2048
Using process-level parallelization (32 parallel experiments)...
Completed experiment 28
Completed experiment 24
Completed experiment 13
Completed experiment 3
Completed experiment 15
Completed experiment 11
Completed experiment 4
Completed experiment 10
Completed experiment 32
Completed experiment 2
Completed experiment 8
Completed experiment 23
Completed experiment 21
Completed experiment 18
Completed experiment 9
Completed experiment 16
Completed experiment 12
Completed experiment 5
Completed experiment 25
Completed experiment 17
Completed experiment 26
Completed experiment 19
Completed experiment 6
Completed experiment 29
Completed experiment 7
Completed experiment 30
Completed experiment 20
Completed experiment 1
Completed experiment 14
Completed experiment 22
Completed experiment 27
Completed experiment 31
Completed 32/100 experiments
Completed experiment 51
Completed experiment 37
Completed experiment 43
Completed experiment 56
Completed experiment 40
Completed experiment 47
Completed experiment 62
Completed experiment 38
Completed experiment 59
Completed experiment 36
Completed experiment 45
Completed experiment 50
Completed experiment 49
Completed experiment 53
Completed experiment 34
Completed experiment 48
Completed experiment 57
Completed experiment 42
Completed experiment 61
Completed experiment 39
Completed experiment 33
Completed experiment 46
Completed experiment 54
Completed experiment 55
Completed experiment 64
Completed experiment 60
Completed experiment 41
Completed experiment 44
Completed experiment 58
Completed experiment 52
Completed experiment 35
Completed experiment 63
Completed 64/100 experiments
Completed experiment 76
Completed experiment 81
Completed experiment 82
Completed experiment 87
Completed experiment 68
Completed experiment 79
Completed experiment 83
Completed experiment 89
Completed experiment 78
Completed experiment 66
Completed experiment 91
Completed experiment 72
Completed experiment 90
Completed experiment 95
Completed experiment 84
Completed experiment 86
Completed experiment 96
Completed experiment 71
Completed experiment 74
Completed experiment 69
Completed experiment 73
Completed experiment 75
Completed experiment 77
Completed experiment 85
Completed experiment 88
Completed experiment 94
Completed experiment 70
Completed experiment 80
Completed experiment 67
Completed experiment 93
Completed experiment 65
Completed experiment 92
Completed 96/100 experiments
Completed experiment 99
Completed experiment 98
Completed experiment 100
Completed experiment 97
Completed 100/100 experiments
Running analysis...

Experiment Statistics:
Number of games: 100

Max Tile Statistics:
Highest tile achieved: 4096

Tile frequency distribution:
Tile 512: 4 times (4.0%)
Tile 1024: 26 times (26.0%)
Tile 2048: 58 times (58.0%)
Tile 4096: 12 times (12.0%)

Score Statistics:
Highest score: 71,352
Average score: 29,798
Median score: 29,408
Standard deviation: 13,523

Runtime Statistics:
Average runtime: 409292.98ms
Median runtime: 421645.50ms
Min runtime: 186378.00ms
Max runtime: 675085.00ms

Plot saved to: results/explorescore_sims250_C800_20241209_215521_analysis.png
Pipeline completed. Files saved in:
- Raw data: data/explorescore_sims250_C800_20241209_215521.csv
- Logs: data/logs/explorescore_sims250_C800_20241209_215521.log
- Plots: results/explorescore_sims250_C800_20241209_215521_*.png
Error processing results: [Errno 2] No such file or directory: 'data/explorescore_sims100_C800_20241209_215521.csv'
Traceback (most recent call last):
  File "/net/rcstorenfs02/ifs/rc_labs/idreos_lab/users/vcainamisir/2048/2048rl/cpp/plotting/plot_results.py", line 122, in <module>
    main()
  File "/net/rcstorenfs02/ifs/rc_labs/idreos_lab/users/vcainamisir/2048/2048rl/cpp/plotting/plot_results.py", line 115, in main
    output_path = analyze_and_plot(args.csv_file)
  File "/net/rcstorenfs02/ifs/rc_labs/idreos_lab/users/vcainamisir/2048/2048rl/cpp/plotting/plot_results.py", line 79, in analyze_and_plot
    df = pd.read_csv(csv_path)
  File "/n/home06/vcainamisir/.local/lib/python3.10/site-packages/pandas/io/parsers/readers.py", line 1026, in read_csv
    return _read(filepath_or_buffer, kwds)
  File "/n/home06/vcainamisir/.local/lib/python3.10/site-packages/pandas/io/parsers/readers.py", line 620, in _read
    parser = TextFileReader(filepath_or_buffer, **kwds)
  File "/n/home06/vcainamisir/.local/lib/python3.10/site-packages/pandas/io/parsers/readers.py", line 1620, in __init__
    self._engine = self._make_engine(f, self.engine)
  File "/n/home06/vcainamisir/.local/lib/python3.10/site-packages/pandas/io/parsers/readers.py", line 1880, in _make_engine
    self.handles = get_handle(
  File "/n/home06/vcainamisir/.local/lib/python3.10/site-packages/pandas/io/common.py", line 873, in get_handle
    handle = open(
FileNotFoundError: [Errno 2] No such file or directory: 'data/explorescore_sims100_C800_20241209_215521.csv'
Running experiments with C=900
Configuration:
- Number of experiments: 100
- MCTS simulations: 250
- Parallel units: 32
- MCTS type: explorescore
- C value: 900

Compiling with MCTS_TYPE=explorescore...
rm -f game2048
g++ -Wall -Wextra -std=c++17 -O3 -fopenmp -I. -DUSE_EXPLORE_SCORE main.cpp env2048.cpp pUCT/mcts_pUCT.cpp -o game2048
Using process-level parallelization (32 parallel experiments)...
Completed experiment 21
Completed experiment 16
Completed experiment 32
Completed experiment 10
Completed experiment 18
Completed experiment 17
Completed experiment 22
Completed experiment 8
Completed experiment 26
Completed experiment 5
Completed experiment 24
Completed experiment 7
Completed experiment 31
Completed experiment 19
Completed experiment 9
Completed experiment 2
Completed experiment 12
Completed experiment 30
Completed experiment 4
Completed experiment 29
Completed experiment 28
Completed experiment 15
Completed experiment 27
Completed experiment 13
Completed experiment 1
Completed experiment 25
Completed experiment 20
Completed experiment 14
Completed experiment 6
Completed experiment 11
Completed experiment 3
Completed experiment 23
Completed 32/100 experiments
Completed experiment 60
Completed experiment 34
Completed experiment 52
Completed experiment 53
Completed experiment 59
Completed experiment 48
Completed experiment 38
Completed experiment 41
Completed experiment 63
Completed experiment 62
Completed experiment 51
Completed experiment 54
Completed experiment 42
Completed experiment 50
Completed experiment 64
Completed experiment 56
Completed experiment 61
Completed experiment 47
Completed experiment 49
Completed experiment 39
Completed experiment 46
Completed experiment 35
Completed experiment 44
Completed experiment 58
Completed experiment 43
Completed experiment 33
Completed experiment 45
Completed experiment 40
Completed experiment 37
Completed experiment 57
Completed experiment 36
Completed experiment 55
Completed 64/100 experiments
Completed experiment 76
Completed experiment 65
Completed experiment 78
Completed experiment 68
Completed experiment 75
Completed experiment 69
Completed experiment 90
Completed experiment 72
Completed experiment 83
Completed experiment 94
Completed experiment 91
Completed experiment 92
Completed experiment 82
Completed experiment 66
Completed experiment 96
Completed experiment 89
Completed experiment 79
Completed experiment 73
Completed experiment 67
Completed experiment 71
Completed experiment 84
Completed experiment 74
Completed experiment 81
Completed experiment 85
Completed experiment 70
Completed experiment 86
Completed experiment 77
Completed experiment 88
Completed experiment 87
Completed experiment 95
Completed experiment 80
Completed experiment 93
Completed 96/100 experiments
Completed experiment 99
Completed experiment 98
Completed experiment 97
Completed experiment 100
Completed 100/100 experiments
Running analysis...

Experiment Statistics:
Number of games: 100

Max Tile Statistics:
Highest tile achieved: 4096

Tile frequency distribution:
Tile 512: 4 times (4.0%)
Tile 1024: 13 times (13.0%)
Tile 2048: 73 times (73.0%)
Tile 4096: 10 times (10.0%)

Score Statistics:
Highest score: 70,784
Average score: 32,143
Median score: 32,558
Standard deviation: 12,401

Runtime Statistics:
Average runtime: 425790.68ms
Median runtime: 439828.50ms
Min runtime: 179257.00ms
Max runtime: 680328.00ms

Plot saved to: results/explorescore_sims250_C900_20241209_223606_analysis.png
Pipeline completed. Files saved in:
- Raw data: data/explorescore_sims250_C900_20241209_223606.csv
- Logs: data/logs/explorescore_sims250_C900_20241209_223606.log
- Plots: results/explorescore_sims250_C900_20241209_223606_*.png
Error processing results: [Errno 2] No such file or directory: 'data/explorescore_sims100_C900_20241209_215521.csv'
Traceback (most recent call last):
  File "/net/rcstorenfs02/ifs/rc_labs/idreos_lab/users/vcainamisir/2048/2048rl/cpp/plotting/plot_results.py", line 122, in <module>
    main()
  File "/net/rcstorenfs02/ifs/rc_labs/idreos_lab/users/vcainamisir/2048/2048rl/cpp/plotting/plot_results.py", line 115, in main
    output_path = analyze_and_plot(args.csv_file)
  File "/net/rcstorenfs02/ifs/rc_labs/idreos_lab/users/vcainamisir/2048/2048rl/cpp/plotting/plot_results.py", line 79, in analyze_and_plot
    df = pd.read_csv(csv_path)
  File "/n/home06/vcainamisir/.local/lib/python3.10/site-packages/pandas/io/parsers/readers.py", line 1026, in read_csv
    return _read(filepath_or_buffer, kwds)
  File "/n/home06/vcainamisir/.local/lib/python3.10/site-packages/pandas/io/parsers/readers.py", line 620, in _read
    parser = TextFileReader(filepath_or_buffer, **kwds)
  File "/n/home06/vcainamisir/.local/lib/python3.10/site-packages/pandas/io/parsers/readers.py", line 1620, in __init__
    self._engine = self._make_engine(f, self.engine)
  File "/n/home06/vcainamisir/.local/lib/python3.10/site-packages/pandas/io/parsers/readers.py", line 1880, in _make_engine
    self.handles = get_handle(
  File "/n/home06/vcainamisir/.local/lib/python3.10/site-packages/pandas/io/common.py", line 873, in get_handle
    handle = open(
FileNotFoundError: [Errno 2] No such file or directory: 'data/explorescore_sims100_C900_20241209_215521.csv'
Running experiments with C=1000
Configuration:
- Number of experiments: 100
- MCTS simulations: 250
- Parallel units: 32
- MCTS type: explorescore
- C value: 1000

Compiling with MCTS_TYPE=explorescore...
rm -f game2048
g++ -Wall -Wextra -std=c++17 -O3 -fopenmp -I. -DUSE_EXPLORE_SCORE main.cpp env2048.cpp pUCT/mcts_pUCT.cpp -o game2048
Using process-level parallelization (32 parallel experiments)...
Completed experiment 13
Completed experiment 27
Completed experiment 2
Completed experiment 21
Completed experiment 5
Completed experiment 16
Completed experiment 4
Completed experiment 19
Completed experiment 32
Completed experiment 11
Completed experiment 28
Completed experiment 31
Completed experiment 7
Completed experiment 3
Completed experiment 15
Completed experiment 26
Completed experiment 14
Completed experiment 25
Completed experiment 9
Completed experiment 22
Completed experiment 17
Completed experiment 10
Completed experiment 8
Completed experiment 29
Completed experiment 23
Completed experiment 30
Completed experiment 12
Completed experiment 6
Completed experiment 1
Completed experiment 20
Completed experiment 24
Completed experiment 18
Completed 32/100 experiments
Completed experiment 44
Completed experiment 59
Completed experiment 36
Completed experiment 48
Completed experiment 40
Completed experiment 54
Completed experiment 47
Completed experiment 46
Completed experiment 34
Completed experiment 43
Completed experiment 56
Completed experiment 63
Completed experiment 50
Completed experiment 55
Completed experiment 64
Completed experiment 39
Completed experiment 37
Completed experiment 57
Completed experiment 52
Completed experiment 61
Completed experiment 41
Completed experiment 49
Completed experiment 53
Completed experiment 35
Completed experiment 38
Completed experiment 60
Completed experiment 33
Completed experiment 62
Completed experiment 42
Completed experiment 45
Completed experiment 58
Completed experiment 51
Completed 64/100 experiments
Completed experiment 93
Completed experiment 86
Completed experiment 73
Completed experiment 77
Completed experiment 90
Completed experiment 71
Completed experiment 74
Completed experiment 85
Completed experiment 69
Completed experiment 91
Completed experiment 72
Completed experiment 95
Completed experiment 68
Completed experiment 80
Completed experiment 79
Completed experiment 66
Completed experiment 76
Completed experiment 82
Completed experiment 94
Completed experiment 84
Completed experiment 89
Completed experiment 78
Completed experiment 70
Completed experiment 67
Completed experiment 75
Completed experiment 83
Completed experiment 81
Completed experiment 92
Completed experiment 88
Completed experiment 87
Completed experiment 96
Completed experiment 65
Completed 96/100 experiments
slurmstepd: error: *** JOB 61854494 ON holy8a24301 CANCELLED AT 2024-12-09T23:55:26 DUE TO TIME LIMIT ***
